Flow report for proyecto
Fri Aug 07 15:18:13 2020
Quartus II Version 9.0 Build 132 02/25/2009 SJ Web Edition


---------------------
; Table of Contents ;
---------------------
  1. Legal Notice
  2. Flow Summary
  3. Flow Settings
  4. Flow Non-Default Global Settings
  5. Flow Elapsed Time
  6. Flow OS Summary
  7. Flow Log



----------------
; Legal Notice ;
----------------
Copyright (C) 1991-2009 Altera Corporation
Your use of Altera Corporation's design tools, logic functions 
and other software and tools, and its AMPP partner logic 
functions, and any output files from any of the foregoing 
(including device programming or simulation files), and any 
associated documentation or information are expressly subject 
to the terms and conditions of the Altera Program License 
Subscription Agreement, Altera MegaCore Function License 
Agreement, or other applicable license agreement, including, 
without limitation, that your use is for the sole purpose of 
programming logic devices manufactured by Altera and sold by 
Altera or its authorized distributors.  Please refer to the 
applicable agreement for further details.



+------------------------------------------------------------------------------+
; Flow Summary                                                                 ;
+------------------------------------+-----------------------------------------+
; Flow Status                        ; Successful - Fri Aug 07 15:18:05 2020   ;
; Quartus II Version                 ; 9.0 Build 132 02/25/2009 SJ Web Edition ;
; Revision Name                      ; proyecto                                ;
; Top-level Entity Name              ; prueba_overcurrent                      ;
; Family                             ; Cyclone III                             ;
; Device                             ; EP3C16F484C7                            ;
; Timing Models                      ; Final                                   ;
; Met timing requirements            ; N/A                                     ;
; Total logic elements               ; 3,918 / 15,408 ( 25 % )                 ;
;     Total combinational functions  ; 3,132 / 15,408 ( 20 % )                 ;
;     Dedicated logic registers      ; 2,154 / 15,408 ( 14 % )                 ;
; Total registers                    ; 2154                                    ;
; Total pins                         ; 31 / 347 ( 9 % )                        ;
; Total virtual pins                 ; 0                                       ;
; Total memory bits                  ; 137,216 / 516,096 ( 27 % )              ;
; Embedded Multiplier 9-bit elements ; 6 / 112 ( 5 % )                         ;
; Total PLLs                         ; 0 / 4 ( 0 % )                           ;
+------------------------------------+-----------------------------------------+


+-----------------------------------------+
; Flow Settings                           ;
+-------------------+---------------------+
; Option            ; Setting             ;
+-------------------+---------------------+
; Start date & time ; 08/07/2020 15:16:42 ;
; Main task         ; Compilation         ;
; Revision Name     ; proyecto            ;
+-------------------+---------------------+


+----------------------------------------------------------------------------------------------------------------------------------------------------+
; Flow Non-Default Global Settings                                                                                                                   ;
+------------------------------------+---------------------------------------------------------+---------------+--------------------+----------------+
; Assignment Name                    ; Value                                                   ; Default Value ; Entity Name        ; Section Id     ;
+------------------------------------+---------------------------------------------------------+---------------+--------------------+----------------+
; COMPILER_SIGNATURE_ID              ; 93328251913601.159682420118548                          ; --            ; --                 ; --             ;
; IP_TOOL_NAME                       ; ALTFP_LOG                                               ; --            ; --                 ; --             ;
; IP_TOOL_NAME                       ; ALTFP_ADD_SUB                                           ; --            ; --                 ; --             ;
; IP_TOOL_NAME                       ; ALTFP_DIV                                               ; --            ; --                 ; --             ;
; IP_TOOL_NAME                       ; ALTFP_MULT                                              ; --            ; --                 ; --             ;
; IP_TOOL_NAME                       ; RAM: 1-PORT                                             ; --            ; --                 ; --             ;
; IP_TOOL_NAME                       ; LPM_DIVIDE                                              ; --            ; --                 ; --             ;
; IP_TOOL_NAME                       ; ROM: 1-PORT                                             ; --            ; --                 ; --             ;
; IP_TOOL_VERSION                    ; 9.0                                                     ; --            ; --                 ; --             ;
; IP_TOOL_VERSION                    ; 9.0                                                     ; --            ; --                 ; --             ;
; IP_TOOL_VERSION                    ; 9.0                                                     ; --            ; --                 ; --             ;
; IP_TOOL_VERSION                    ; 9.0                                                     ; --            ; --                 ; --             ;
; IP_TOOL_VERSION                    ; 9.0                                                     ; --            ; --                 ; --             ;
; IP_TOOL_VERSION                    ; 9.0                                                     ; --            ; --                 ; --             ;
; IP_TOOL_VERSION                    ; 9.0                                                     ; --            ; --                 ; --             ;
; MAX_CORE_JUNCTION_TEMP             ; 85                                                      ; --            ; --                 ; --             ;
; MIN_CORE_JUNCTION_TEMP             ; 0                                                       ; --            ; --                 ; --             ;
; MISC_FILE                          ; C:/Users/walte/Desktop/ProyectoDL2/quartus/proyecto.dpf ; --            ; --                 ; --             ;
; MISC_FILE                          ; add_pf_inst.vhd                                         ; --            ; --                 ; --             ;
; MISC_FILE                          ; div_pf_inst.vhd                                         ; --            ; --                 ; --             ;
; MISC_FILE                          ; mult_pf_inst.vhd                                        ; --            ; --                 ; --             ;
; MISC_FILE                          ; ram_filter_inst.vhd                                     ; --            ; --                 ; --             ;
; MISC_FILE                          ; lpm_div_inst.vhd                                        ; --            ; --                 ; --             ;
; MISC_FILE                          ; lpm_div_syn.v                                           ; --            ; --                 ; --             ;
; MISC_FILE                          ; IDMT_SI_200_01_rom_inst.vhd                             ; --            ; --                 ; --             ;
; NOMINAL_CORE_SUPPLY_VOLTAGE        ; 1.2V                                                    ; --            ; --                 ; --             ;
; PARTITION_COLOR                    ; 16764057                                                ; --            ; prueba_overcurrent ; Top            ;
; PARTITION_NETLIST_TYPE             ; SOURCE                                                  ; --            ; prueba_overcurrent ; Top            ;
; TIMEQUEST_DO_REPORT_TIMING         ; On                                                      ; Off           ; --                 ; --             ;
; TIMEQUEST_MULTICORNER_ANALYSIS     ; Off                                                     ; On            ; --                 ; --             ;
; TOP_LEVEL_ENTITY                   ; prueba_overcurrent                                      ; proyecto      ; --                 ; --             ;
; USE_GENERATED_PHYSICAL_CONSTRAINTS ; Off                                                     ; --            ; --                 ; eda_blast_fpga ;
+------------------------------------+---------------------------------------------------------+---------------+--------------------+----------------+


+-------------------------------------------------------------------------------------------------------------------------------+
; Flow Elapsed Time                                                                                                             ;
+---------------------------+--------------+-------------------------+---------------------+------------------------------------+
; Module Name               ; Elapsed Time ; Average Processors Used ; Peak Virtual Memory ; Total CPU Time (on all processors) ;
+---------------------------+--------------+-------------------------+---------------------+------------------------------------+
; Analysis & Synthesis      ; 00:00:33     ; 1.0                     ; 284 MB              ; 00:00:31                           ;
; Fitter                    ; 00:00:31     ; 1.0                     ; 330 MB              ; 00:00:28                           ;
; Assembler                 ; 00:00:05     ; 1.0                     ; 240 MB              ; 00:00:04                           ;
; TimeQuest Timing Analyzer ; 00:00:05     ; 1.0                     ; 227 MB              ; 00:00:04                           ;
; Total                     ; 00:01:14     ; --                      ; --                  ; 00:01:07                           ;
+---------------------------+--------------+-------------------------+---------------------+------------------------------------+


+--------------------------------------------------------------------------------------------+
; Flow OS Summary                                                                            ;
+---------------------------+------------------+---------------+------------+----------------+
; Module Name               ; Machine Hostname ; OS Name       ; OS Version ; Processor type ;
+---------------------------+------------------+---------------+------------+----------------+
; Analysis & Synthesis      ; LAPTOP-1NJ02SG1  ; Windows Vista ; 6.2        ; x86_64         ;
; Fitter                    ; LAPTOP-1NJ02SG1  ; Windows Vista ; 6.2        ; x86_64         ;
; Assembler                 ; LAPTOP-1NJ02SG1  ; Windows Vista ; 6.2        ; x86_64         ;
; TimeQuest Timing Analyzer ; LAPTOP-1NJ02SG1  ; Windows Vista ; 6.2        ; x86_64         ;
+---------------------------+------------------+---------------+------------+----------------+


------------
; Flow Log ;
------------
quartus_map --read_settings_files=on --write_settings_files=off proyecto -c proyecto
quartus_fit --read_settings_files=off --write_settings_files=off proyecto -c proyecto
quartus_asm --read_settings_files=off --write_settings_files=off proyecto -c proyecto
quartus_sta proyecto -c proyecto



